/home1/02176/nsguser/ngbw/workspace/NGBW-JOB-NEURON75_STAMPEDE-97EB464A8DF941DA95A78507D5A65B75/BothCells_BASE
mod_nsgportal/cad.mod mod_nsgportal/ICaL.mod mod_nsgportal/ICaT.mod mod_nsgportal/Ih.mod mod_nsgportal/IKa.mod mod_nsgportal/IKCa.mod mod_nsgportal/Ikdrfaxon.mod mod_nsgportal/Ikdrf.mod mod_nsgportal/Ikdrsaxon.mod mod_nsgportal/Ikdrs.mod mod_nsgportal/IMmintau.mod mod_nsgportal/Ipassaxon.mod mod_nsgportal/Ipasssd.mod mod_nsgportal/Naaxon.mod mod_nsgportal/Nadend.mod mod_nsgportal/Nasoma.mod mod_nsgportal/vecevent.mod
cad.mod ICaL.mod ICaT.mod Ih.mod IKa.mod IKCa.mod Ikdrfaxon.mod Ikdrf.mod Ikdrsaxon.mod Ikdrs.mod IMmintau.mod Ipassaxon.mod Ipasssd.mod Naaxon.mod Nadend.mod Nasoma.mod vecevent.mod
"/home1/02176/nsguser/applications/neuron7.5/x86_64/bin/nocmodl" cad
"/home1/02176/nsguser/applications/neuron7.5/share/nrn/libtool" --tag=CC --mode=compile mpicc -DHAVE_CONFIG_H  -I. -I.. -I"/home1/02176/nsguser/applications/neuron7.5/include/nrn" -I"/home1/02176/nsguser/applications/neuron7.5/x86_64/lib"      -xCORE-AVX512 -O3 -c -o cad.lo `test -f 'cad.c' || echo '/'`cad.c
libtool: compile:  mpicc -DHAVE_CONFIG_H -I. -I.. -I/home1/02176/nsguser/applications/neuron7.5/include/nrn -I/home1/02176/nsguser/applications/neuron7.5/x86_64/lib -xCORE-AVX512 -O3 -c cad.c  -fPIC -DPIC -o .libs/cad.o
"/home1/02176/nsguser/applications/neuron7.5/x86_64/bin/nocmodl" ICaL
"/home1/02176/nsguser/applications/neuron7.5/share/nrn/libtool" --tag=CC --mode=compile mpicc -DHAVE_CONFIG_H  -I. -I.. -I"/home1/02176/nsguser/applications/neuron7.5/include/nrn" -I"/home1/02176/nsguser/applications/neuron7.5/x86_64/lib"      -xCORE-AVX512 -O3 -c -o ICaL.lo `test -f 'ICaL.c' || echo '/'`ICaL.c
libtool: compile:  mpicc -DHAVE_CONFIG_H -I. -I.. -I/home1/02176/nsguser/applications/neuron7.5/include/nrn -I/home1/02176/nsguser/applications/neuron7.5/x86_64/lib -xCORE-AVX512 -O3 -c ICaL.c  -fPIC -DPIC -o .libs/ICaL.o
"/home1/02176/nsguser/applications/neuron7.5/x86_64/bin/nocmodl" ICaT
"/home1/02176/nsguser/applications/neuron7.5/share/nrn/libtool" --tag=CC --mode=compile mpicc -DHAVE_CONFIG_H  -I. -I.. -I"/home1/02176/nsguser/applications/neuron7.5/include/nrn" -I"/home1/02176/nsguser/applications/neuron7.5/x86_64/lib"      -xCORE-AVX512 -O3 -c -o ICaT.lo `test -f 'ICaT.c' || echo '/'`ICaT.c
libtool: compile:  mpicc -DHAVE_CONFIG_H -I. -I.. -I/home1/02176/nsguser/applications/neuron7.5/include/nrn -I/home1/02176/nsguser/applications/neuron7.5/x86_64/lib -xCORE-AVX512 -O3 -c ICaT.c  -fPIC -DPIC -o .libs/ICaT.o
"/home1/02176/nsguser/applications/neuron7.5/x86_64/bin/nocmodl" Ih
Warning: Default -32.9 of PARAMETER eh will be ignored and set by NEURON.
"/home1/02176/nsguser/applications/neuron7.5/share/nrn/libtool" --tag=CC --mode=compile mpicc -DHAVE_CONFIG_H  -I. -I.. -I"/home1/02176/nsguser/applications/neuron7.5/include/nrn" -I"/home1/02176/nsguser/applications/neuron7.5/x86_64/lib"      -xCORE-AVX512 -O3 -c -o Ih.lo `test -f 'Ih.c' || echo '/'`Ih.c
libtool: compile:  mpicc -DHAVE_CONFIG_H -I. -I.. -I/home1/02176/nsguser/applications/neuron7.5/include/nrn -I/home1/02176/nsguser/applications/neuron7.5/x86_64/lib -xCORE-AVX512 -O3 -c Ih.c  -fPIC -DPIC -o .libs/Ih.o
"/home1/02176/nsguser/applications/neuron7.5/x86_64/bin/nocmodl" IKa
"/home1/02176/nsguser/applications/neuron7.5/share/nrn/libtool" --tag=CC --mode=compile mpicc -DHAVE_CONFIG_H  -I. -I.. -I"/home1/02176/nsguser/applications/neuron7.5/include/nrn" -I"/home1/02176/nsguser/applications/neuron7.5/x86_64/lib"      -xCORE-AVX512 -O3 -c -o IKa.lo `test -f 'IKa.c' || echo '/'`IKa.c
libtool: compile:  mpicc -DHAVE_CONFIG_H -I. -I.. -I/home1/02176/nsguser/applications/neuron7.5/include/nrn -I/home1/02176/nsguser/applications/neuron7.5/x86_64/lib -xCORE-AVX512 -O3 -c IKa.c  -fPIC -DPIC -o .libs/IKa.o
"/home1/02176/nsguser/applications/neuron7.5/x86_64/bin/nocmodl" IKCa
Warning: Default 5e-05 of PARAMETER cai will be ignored and set by NEURON.
"/home1/02176/nsguser/applications/neuron7.5/share/nrn/libtool" --tag=CC --mode=compile mpicc -DHAVE_CONFIG_H  -I. -I.. -I"/home1/02176/nsguser/applications/neuron7.5/include/nrn" -I"/home1/02176/nsguser/applications/neuron7.5/x86_64/lib"      -xCORE-AVX512 -O3 -c -o IKCa.lo `test -f 'IKCa.c' || echo '/'`IKCa.c
libtool: compile:  mpicc -DHAVE_CONFIG_H -I. -I.. -I/home1/02176/nsguser/applications/neuron7.5/include/nrn -I/home1/02176/nsguser/applications/neuron7.5/x86_64/lib -xCORE-AVX512 -O3 -c IKCa.c  -fPIC -DPIC -o .libs/IKCa.o
"/home1/02176/nsguser/applications/neuron7.5/x86_64/bin/nocmodl" Ikdrfaxon
"/home1/02176/nsguser/applications/neuron7.5/share/nrn/libtool" --tag=CC --mode=compile mpicc -DHAVE_CONFIG_H  -I. -I.. -I"/home1/02176/nsguser/applications/neuron7.5/include/nrn" -I"/home1/02176/nsguser/applications/neuron7.5/x86_64/lib"      -xCORE-AVX512 -O3 -c -o Ikdrfaxon.lo `test -f 'Ikdrfaxon.c' || echo '/'`Ikdrfaxon.c
libtool: compile:  mpicc -DHAVE_CONFIG_H -I. -I.. -I/home1/02176/nsguser/applications/neuron7.5/include/nrn -I/home1/02176/nsguser/applications/neuron7.5/x86_64/lib -xCORE-AVX512 -O3 -c Ikdrfaxon.c  -fPIC -DPIC -o .libs/Ikdrfaxon.o
"/home1/02176/nsguser/applications/neuron7.5/x86_64/bin/nocmodl" Ikdrf
"/home1/02176/nsguser/applications/neuron7.5/share/nrn/libtool" --tag=CC --mode=compile mpicc -DHAVE_CONFIG_H  -I. -I.. -I"/home1/02176/nsguser/applications/neuron7.5/include/nrn" -I"/home1/02176/nsguser/applications/neuron7.5/x86_64/lib"      -xCORE-AVX512 -O3 -c -o Ikdrf.lo `test -f 'Ikdrf.c' || echo '/'`Ikdrf.c
libtool: compile:  mpicc -DHAVE_CONFIG_H -I. -I.. -I/home1/02176/nsguser/applications/neuron7.5/include/nrn -I/home1/02176/nsguser/applications/neuron7.5/x86_64/lib -xCORE-AVX512 -O3 -c Ikdrf.c  -fPIC -DPIC -o .libs/Ikdrf.o
"/home1/02176/nsguser/applications/neuron7.5/x86_64/bin/nocmodl" Ikdrsaxon
"/home1/02176/nsguser/applications/neuron7.5/share/nrn/libtool" --tag=CC --mode=compile mpicc -DHAVE_CONFIG_H  -I. -I.. -I"/home1/02176/nsguser/applications/neuron7.5/include/nrn" -I"/home1/02176/nsguser/applications/neuron7.5/x86_64/lib"      -xCORE-AVX512 -O3 -c -o Ikdrsaxon.lo `test -f 'Ikdrsaxon.c' || echo '/'`Ikdrsaxon.c
libtool: compile:  mpicc -DHAVE_CONFIG_H -I. -I.. -I/home1/02176/nsguser/applications/neuron7.5/include/nrn -I/home1/02176/nsguser/applications/neuron7.5/x86_64/lib -xCORE-AVX512 -O3 -c Ikdrsaxon.c  -fPIC -DPIC -o .libs/Ikdrsaxon.o
"/home1/02176/nsguser/applications/neuron7.5/x86_64/bin/nocmodl" Ikdrs
"/home1/02176/nsguser/applications/neuron7.5/share/nrn/libtool" --tag=CC --mode=compile mpicc -DHAVE_CONFIG_H  -I. -I.. -I"/home1/02176/nsguser/applications/neuron7.5/include/nrn" -I"/home1/02176/nsguser/applications/neuron7.5/x86_64/lib"      -xCORE-AVX512 -O3 -c -o Ikdrs.lo `test -f 'Ikdrs.c' || echo '/'`Ikdrs.c
libtool: compile:  mpicc -DHAVE_CONFIG_H -I. -I.. -I/home1/02176/nsguser/applications/neuron7.5/include/nrn -I/home1/02176/nsguser/applications/neuron7.5/x86_64/lib -xCORE-AVX512 -O3 -c Ikdrs.c  -fPIC -DPIC -o .libs/Ikdrs.o
"/home1/02176/nsguser/applications/neuron7.5/x86_64/bin/nocmodl" IMmintau
"/home1/02176/nsguser/applications/neuron7.5/share/nrn/libtool" --tag=CC --mode=compile mpicc -DHAVE_CONFIG_H  -I. -I.. -I"/home1/02176/nsguser/applications/neuron7.5/include/nrn" -I"/home1/02176/nsguser/applications/neuron7.5/x86_64/lib"      -xCORE-AVX512 -O3 -c -o IMmintau.lo `test -f 'IMmintau.c' || echo '/'`IMmintau.c
libtool: compile:  mpicc -DHAVE_CONFIG_H -I. -I.. -I/home1/02176/nsguser/applications/neuron7.5/include/nrn -I/home1/02176/nsguser/applications/neuron7.5/x86_64/lib -xCORE-AVX512 -O3 -c IMmintau.c  -fPIC -DPIC -o .libs/IMmintau.o
"/home1/02176/nsguser/applications/neuron7.5/x86_64/bin/nocmodl" Ipassaxon
"/home1/02176/nsguser/applications/neuron7.5/share/nrn/libtool" --tag=CC --mode=compile mpicc -DHAVE_CONFIG_H  -I. -I.. -I"/home1/02176/nsguser/applications/neuron7.5/include/nrn" -I"/home1/02176/nsguser/applications/neuron7.5/x86_64/lib"      -xCORE-AVX512 -O3 -c -o Ipassaxon.lo `test -f 'Ipassaxon.c' || echo '/'`Ipassaxon.c
libtool: compile:  mpicc -DHAVE_CONFIG_H -I. -I.. -I/home1/02176/nsguser/applications/neuron7.5/include/nrn -I/home1/02176/nsguser/applications/neuron7.5/x86_64/lib -xCORE-AVX512 -O3 -c Ipassaxon.c  -fPIC -DPIC -o .libs/Ipassaxon.o
"/home1/02176/nsguser/applications/neuron7.5/x86_64/bin/nocmodl" Ipasssd
"/home1/02176/nsguser/applications/neuron7.5/share/nrn/libtool" --tag=CC --mode=compile mpicc -DHAVE_CONFIG_H  -I. -I.. -I"/home1/02176/nsguser/applications/neuron7.5/include/nrn" -I"/home1/02176/nsguser/applications/neuron7.5/x86_64/lib"      -xCORE-AVX512 -O3 -c -o Ipasssd.lo `test -f 'Ipasssd.c' || echo '/'`Ipasssd.c
libtool: compile:  mpicc -DHAVE_CONFIG_H -I. -I.. -I/home1/02176/nsguser/applications/neuron7.5/include/nrn -I/home1/02176/nsguser/applications/neuron7.5/x86_64/lib -xCORE-AVX512 -O3 -c Ipasssd.c  -fPIC -DPIC -o .libs/Ipasssd.o
"/home1/02176/nsguser/applications/neuron7.5/x86_64/bin/nocmodl" Naaxon
Warning: Default 24 of PARAMETER celsius will be ignored and set by NEURON.
Warning: Default 90 of PARAMETER ena will be ignored and set by NEURON.
"/home1/02176/nsguser/applications/neuron7.5/share/nrn/libtool" --tag=CC --mode=compile mpicc -DHAVE_CONFIG_H  -I. -I.. -I"/home1/02176/nsguser/applications/neuron7.5/include/nrn" -I"/home1/02176/nsguser/applications/neuron7.5/x86_64/lib"      -xCORE-AVX512 -O3 -c -o Naaxon.lo `test -f 'Naaxon.c' || echo '/'`Naaxon.c
libtool: compile:  mpicc -DHAVE_CONFIG_H -I. -I.. -I/home1/02176/nsguser/applications/neuron7.5/include/nrn -I/home1/02176/nsguser/applications/neuron7.5/x86_64/lib -xCORE-AVX512 -O3 -c Naaxon.c  -fPIC -DPIC -o .libs/Naaxon.o
"/home1/02176/nsguser/applications/neuron7.5/x86_64/bin/nocmodl" Nadend
Warning: Default 24 of PARAMETER celsius will be ignored and set by NEURON.
Warning: Default 90 of PARAMETER ena will be ignored and set by NEURON.
"/home1/02176/nsguser/applications/neuron7.5/share/nrn/libtool" --tag=CC --mode=compile mpicc -DHAVE_CONFIG_H  -I. -I.. -I"/home1/02176/nsguser/applications/neuron7.5/include/nrn" -I"/home1/02176/nsguser/applications/neuron7.5/x86_64/lib"      -xCORE-AVX512 -O3 -c -o Nadend.lo `test -f 'Nadend.c' || echo '/'`Nadend.c
libtool: compile:  mpicc -DHAVE_CONFIG_H -I. -I.. -I/home1/02176/nsguser/applications/neuron7.5/include/nrn -I/home1/02176/nsguser/applications/neuron7.5/x86_64/lib -xCORE-AVX512 -O3 -c Nadend.c  -fPIC -DPIC -o .libs/Nadend.o
"/home1/02176/nsguser/applications/neuron7.5/x86_64/bin/nocmodl" Nasoma
Warning: Default 24 of PARAMETER celsius will be ignored and set by NEURON.
Warning: Default 90 of PARAMETER ena will be ignored and set by NEURON.
"/home1/02176/nsguser/applications/neuron7.5/share/nrn/libtool" --tag=CC --mode=compile mpicc -DHAVE_CONFIG_H  -I. -I.. -I"/home1/02176/nsguser/applications/neuron7.5/include/nrn" -I"/home1/02176/nsguser/applications/neuron7.5/x86_64/lib"      -xCORE-AVX512 -O3 -c -o Nasoma.lo `test -f 'Nasoma.c' || echo '/'`Nasoma.c
libtool: compile:  mpicc -DHAVE_CONFIG_H -I. -I.. -I/home1/02176/nsguser/applications/neuron7.5/include/nrn -I/home1/02176/nsguser/applications/neuron7.5/x86_64/lib -xCORE-AVX512 -O3 -c Nasoma.c  -fPIC -DPIC -o .libs/Nasoma.o
"/home1/02176/nsguser/applications/neuron7.5/x86_64/bin/nocmodl" vecevent
Notice: ARTIFICIAL_CELL is a synonym for POINT_PROCESS which hints that it
only affects and is affected by discrete events. As such it is not
located in a section and is not associated with an integrator
"/home1/02176/nsguser/applications/neuron7.5/share/nrn/libtool" --tag=CC --mode=compile mpicc -DHAVE_CONFIG_H  -I. -I.. -I"/home1/02176/nsguser/applications/neuron7.5/include/nrn" -I"/home1/02176/nsguser/applications/neuron7.5/x86_64/lib"      -xCORE-AVX512 -O3 -c -o vecevent.lo `test -f 'vecevent.c' || echo '/'`vecevent.c
libtool: compile:  mpicc -DHAVE_CONFIG_H -I. -I.. -I/home1/02176/nsguser/applications/neuron7.5/include/nrn -I/home1/02176/nsguser/applications/neuron7.5/x86_64/lib -xCORE-AVX512 -O3 -c vecevent.c  -fPIC -DPIC -o .libs/vecevent.o
"/home1/02176/nsguser/applications/neuron7.5/share/nrn/libtool" --tag=CC --mode=compile mpicc -DHAVE_CONFIG_H  -I. -I.. -I"/home1/02176/nsguser/applications/neuron7.5/include/nrn" -I"/home1/02176/nsguser/applications/neuron7.5/x86_64/lib"      -xCORE-AVX512 -O3 -c -o mod_func.lo mod_func.c
libtool: compile:  mpicc -DHAVE_CONFIG_H -I. -I.. -I/home1/02176/nsguser/applications/neuron7.5/include/nrn -I/home1/02176/nsguser/applications/neuron7.5/x86_64/lib -xCORE-AVX512 -O3 -c mod_func.c  -fPIC -DPIC -o .libs/mod_func.o
"/home1/02176/nsguser/applications/neuron7.5/share/nrn/libtool" --tag=CC --mode=link mpicc -module  -xCORE-AVX512 -O3    -o libnrnmech.la -rpath "/home1/02176/nsguser/applications/neuron7.5/x86_64/lib"  cad.lo ICaL.lo ICaT.lo Ih.lo IKa.lo IKCa.lo Ikdrfaxon.lo Ikdrf.lo Ikdrsaxon.lo Ikdrs.lo IMmintau.lo Ipassaxon.lo Ipasssd.lo Naaxon.lo Nadend.lo Nasoma.lo vecevent.lo mod_func.lo  -L"/home1/02176/nsguser/applications/neuron7.5/x86_64/lib" -lnrnoc -loc -lmemacs -lnrnmpi -lscopmath -lsparse13 -lreadline -lncurses -L"/home1/02176/nsguser/applications/neuron7.5/x86_64/lib" "/home1/02176/nsguser/applications/neuron7.5/x86_64/lib/libnrniv.la" -livoc -lneuron_gnu -lmeschach -lsundials -livos      -lm -ldl
libtool: link: rm -fr  .libs/libnrnmech.0.so .libs/libnrnmech.la .libs/libnrnmech.lai .libs/libnrnmech.so
libtool: link: mpicc -shared  -fPIC -DPIC  .libs/cad.o .libs/ICaL.o .libs/ICaT.o .libs/Ih.o .libs/IKa.o .libs/IKCa.o .libs/Ikdrfaxon.o .libs/Ikdrf.o .libs/Ikdrsaxon.o .libs/Ikdrs.o .libs/IMmintau.o .libs/Ipassaxon.o .libs/Ipasssd.o .libs/Naaxon.o .libs/Nadend.o .libs/Nasoma.o .libs/vecevent.o .libs/mod_func.o   -Wl,-rpath -Wl,/home1/02176/nsguser/applications/neuron7.5/x86_64/lib -Wl,-rpath -Wl,/home1/02176/nsguser/applications/neuron7.5/x86_64/lib -L/home1/02176/nsguser/applications/neuron7.5/x86_64/lib /home1/02176/nsguser/applications/neuron7.5/x86_64/lib/libnrnoc.so /home1/02176/nsguser/applications/neuron7.5/x86_64/lib/liboc.so /home1/02176/nsguser/applications/neuron7.5/x86_64/lib/libmemacs.so /home1/02176/nsguser/applications/neuron7.5/x86_64/lib/libnrnmpi.so /home1/02176/nsguser/applications/neuron7.5/x86_64/lib/libscopmath.so /home1/02176/nsguser/applications/neuron7.5/x86_64/lib/libsparse13.so -lreadline -lncurses /home1/02176/nsguser/applications/neuron7.5/x86_64/lib/libnrniv.so /home1/02176/nsguser/applications/neuron7.5/x86_64/lib/libivoc.so /home1/02176/nsguser/applications/neuron7.5/x86_64/lib/libneuron_gnu.so /home1/02176/nsguser/applications/neuron7.5/x86_64/lib/libmeschach.so /home1/02176/nsguser/applications/neuron7.5/x86_64/lib/libsundials.so /home1/02176/nsguser/applications/neuron7.5/x86_64/lib/libivos.so -lm -ldl  -O3   -pthread -Wl,-soname -Wl,libnrnmech.so.0 -o .libs/libnrnmech.so.0.0.0
libtool: link: (cd ".libs" && rm -f "libnrnmech.so.0" && ln -s "libnrnmech.so.0.0.0" "libnrnmech.so.0")
libtool: link: (cd ".libs" && rm -f "libnrnmech.so" && ln -s "libnrnmech.so.0.0.0" "libnrnmech.so")
libtool: link: ( cd ".libs" && rm -f "libnrnmech.la" && ln -s "../libnrnmech.la" "libnrnmech.la" )
Successfully created x86_64/special
